{
  "summary": {
    "total": 4,
    "passed": 1,
    "failed": 3,
    "success_rate": 25.0,
    "total_time": 4.287,
    "parallel": false
  },
  "results": [
    {
      "test_name": "test_resource_manager_simple",
      "test_file": "test_resource_manager_simple.cpp",
      "category": "Unit",
      "status": "COMPILATION_FAILED",
      "elapsed_seconds": 0.599,
      "return_code": 1,
      "worker_id": 0,
      "timestamp": 0,
      "success": false,
      "error": "Undefined symbols for architecture arm64:\n  \"ResourceManager::getTexture(std::__1::basic_string<char, std::__1::char_traits<char>, std::__1::allocator<char>> const&)\", referenced from:\n      _main in test_resource_manager_simple-7efd9a.o\n      _main in test_resource_manager_simple-7efd9a.o\n      _main in test_resource_manager_simple-7efd9a.o\n  \"ResourceManager::loadTexture(std::__1::basic_string<char, std::__1::char_traits<char>, std::__1::allocator<char>> const&, std::__1::basic_string<char, std::__1::char_traits<char>, std::__1::allocator<char>> const&)\", referenced from:\n      _main in test_resource_manager_simple-7efd9a.o\n  \"ResourceManager::ResourceManager()\", referenced from:\n      _main in test_resource_manager_simple-7efd9a.o\n  \"ResourceManager::~ResourceManager()\", referenced from:\n      _main in test_resource_manager_simple-7efd9a.o\n      _main in test_resource_manager_simple-7efd9a.o\nld: symbol(s) not found for architecture arm64\nclang++: error: linker command failed with exit code 1 (use -v to see invocation)\n"
    },
    {
      "test_name": "test_config_depth",
      "test_file": "test_config_depth.cpp",
      "category": "Unit",
      "status": "COMPILATION_FAILED",
      "elapsed_seconds": 1.166,
      "return_code": 1,
      "worker_id": 0,
      "timestamp": 0,
      "success": false,
      "error": "Undefined symbols for architecture arm64:\n  \"Config::isValidConfigKey(std::__1::basic_string<char, std::__1::char_traits<char>, std::__1::allocator<char>> const&)\", referenced from:\n      KeyValidationWorks() in test_config_depth-f68155.o\n      KeyValidationWorks() in test_config_depth-f68155.o\n      KeyValidationWorks() in test_config_depth-f68155.o\n      KeyValidationWorks() in test_config_depth-f68155.o\n      KeyValidationWorks() in test_config_depth-f68155.o\n      KeyValidationWorks() in test_config_depth-f68155.o\n      KeyValidationWorks() in test_config_depth-f68155.o\n      KeyValidationWorks() in test_config_depth-f68155.o\n      KeyValidationWorks() in test_config_depth-f68155.o\n      KeyValidationWorks() in test_config_depth-f68155.o\n      ...\n  \"Config::get(std::__1::basic_string<char, std::__1::char_traits<char>, std::__1::allocator<char>> const&, nlohmann::json_abi_v3_11_3::basic_json<std::__1::map, std::__1::vector, std::__1::basic_string<char, std::__1::char_traits<char>, std::__1::allocator<char>>, bool, long long, unsigned long long, double, std::__1::allocator, nlohmann::json_abi_v3_11_3::adl_serializer, std::__1::vector<unsigned char, std::__1::allocator<unsigned char>>, void> const&)\", referenced from:\n      CircularReferenceProtection() in test_config_depth-f68155.o\n      PathCreationRespectsDepth() in test_config_depth-f68155.o\n  \"Config::set(std::__1::basic_string<char, std::__1::char_traits<char>, std::__1::allocator<char>> const&, nlohmann::json_abi_v3_11_3::basic_json<std::__1::map, std::__1::vector, std::__1::basic_string<char, std::__1::char_traits<char>, std::__1::allocator<char>>, bool, long long, unsigned long long, double, std::__1::allocator, nlohmann::json_abi_v3_11_3::adl_serializer, std::__1::vector<unsigned char, std::__1::allocator<unsigned char>>, void> const&)\", referenced from:\n      NormalDepthAllowed() in test_config_depth-f68155.o\n      ExcessiveDepthRejected() in test_config_depth-f68155.o\n      BoundaryConditions() in test_config_depth-f68155.o\n      BoundaryConditions() in test_config_depth-f68155.o\n      BoundaryConditions() in test_config_depth-f68155.o\n      BoundaryConditions() in test_config_depth-f68155.o\n      TypesAtDepth() in test_config_depth-f68155.o\n      TypesAtDepth() in test_config_depth-f68155.o\n      TypesAtDepth() in test_config_depth-f68155.o\n      TypesAtDepth() in test_config_depth-f68155.o\n      ...\n  \"Config::load(std::__1::basic_string<char, std::__1::char_traits<char>, std::__1::allocator<char>> const&)\", referenced from:\n      initTestConfig() in test_config_depth-f68155.o\n  \"Config::getInt(std::__1::basic_string<char, std::__1::char_traits<char>, std::__1::allocator<char>> const&, int)\", referenced from:\n      TypesAtDepth() in test_config_depth-f68155.o\n      TypesAtDepth() in test_config_depth-f68155.o\n  \"Config::getBool(std::__1::basic_string<char, std::__1::char_traits<char>, std::__1::allocator<char>> const&, bool)\", referenced from:\n      TypesAtDepth() in test_config_depth-f68155.o\n  \"Config::getFloat(std::__1::basic_string<char, std::__1::char_traits<char>, std::__1::allocator<char>> const&, float)\", referenced from:\n      TypesAtDepth() in test_config_depth-f68155.o\n  \"Config::getString(std::__1::basic_string<char, std::__1::char_traits<char>, std::__1::allocator<char>> const&, std::__1::basic_string<char, std::__1::char_traits<char>, std::__1::allocator<char>> const&)\", referenced from:\n      NormalDepthAllowed() in test_config_depth-f68155.o\n      NormalDepthAllowed() in test_config_depth-f68155.o\n      ExcessiveDepthRejected() in test_config_depth-f68155.o\n      BoundaryConditions() in test_config_depth-f68155.o\n      BoundaryConditions() in test_config_depth-f68155.o\n      BoundaryConditions() in test_config_depth-f68155.o\n      BoundaryConditions() in test_config_depth-f68155.o\n      ...\nld: symbol(s) not found for architecture arm64\nclang++: error: linker command failed with exit code 1 (use -v to see invocation)\n"
    },
    {
      "test_name": "test_log_limiter_generic_keys",
      "test_file": "test_log_limiter_generic_keys.cpp",
      "category": "Unit",
      "status": "PASSED",
      "elapsed_seconds": 1.885,
      "return_code": 0,
      "worker_id": 0,
      "timestamp": 0,
      "success": true,
      "output": "Testing LogLimiter with generic keys functionality\n\n\n--- Testing rate limiting with generic keys ---\n\nTest 1: Same message repeated (should see 3 then suppression)\n[2025-06-12 11:56:46.305] [console] [info] Test message 0\n[2025-06-12 11:56:46.306] [console] [info] Test message 1\n[2025-06-12 11:56:46.306] [console] [info] Test message 2\n\nTest 2: Different keys (each should get 3 messages)\n[2025-06-12 11:56:46.306] [console] [warning] Message for key_0 - iteration 0\n[2025-06-12 11:56:46.306] [console] [warning] Message for key_1 - iteration 1\n[2025-06-12 11:56:46.306] [console] [warning] Message for key_0 - iteration 2\n[2025-06-12 11:56:46.306] [console] [warning] Message for key_1 - iteration 3\n[2025-06-12 11:56:46.306] [console] [warning] Message for key_0 - iteration 4\n[2025-06-12 11:56:46.306] [console] [warning] Message for key_1 - iteration 5\n\nTest 3: Thread safety (concurrent logging)\n[2025-06-12 11:56:46.306] [console] [error] Thread 0 - iteration 0\n[2025-06-12 11:56:46.306] [console] [error] Thread 0 - iteration 1\n[2025-06-12 11:56:46.306] [console] [error] Thread 1 - iteration 0\n\nTest 4: Generic key usage (like ResourceManager)\n[2025-06-12 11:56:46.306] [console] [warning] Texture not found: texture_0\n[2025-06-12 11:56:46.306] [console] [warning] Texture not found: texture_1\n[2025-06-12 11:56:46.306] [console] [warning] Texture not found: texture_2\n\n--- LogLimiter Statistics ---\nKey: 'test_key' - Count: 4\nKey: 'key_1' - Count: 4\nKey: 'key_0' - Count: 4\nKey: 'thread_key' - Count: 4\nKey: 'texture_not_found' - Count: 4\n\nTest completed. Check the output above to verify that:\n1. Generic keys are being used (no texture names in keys)\n2. Messages are limited to 3 occurrences per key type\n3. A debug message appears when limit is reached\n"
    },
    {
      "test_name": "test_script_manager_null_safety",
      "test_file": "test_script_manager_null_safety.cpp",
      "category": "Unit",
      "status": "COMPILATION_FAILED",
      "elapsed_seconds": 0.636,
      "return_code": 1,
      "worker_id": 0,
      "timestamp": 0,
      "success": false,
      "error": "Undefined symbols for architecture arm64:\n  \"ScriptManager::initialize()\", referenced from:\n      testNormalOperation() in test_script_manager_null_safety-c0411b.o\n      testErrorHandling() in test_script_manager_null_safety-c0411b.o\n      testMultipleInitialization() in test_script_manager_null_safety-c0411b.o\n      testMultipleInitialization() in test_script_manager_null_safety-c0411b.o\n      testShutdownAndReinit() in test_script_manager_null_safety-c0411b.o\n      testShutdownAndReinit() in test_script_manager_null_safety-c0411b.o\n      testScriptReloading() in test_script_manager_null_safety-c0411b.o\n      ...\n  \"ScriptManager::callFunction(std::__1::basic_string<char, std::__1::char_traits<char>, std::__1::allocator<char>> const&, int, int)\", referenced from:\n      testUninitializedScriptManager() in test_script_manager_null_safety-c0411b.o\n      testNormalOperation() in test_script_manager_null_safety-c0411b.o\n      testErrorHandling() in test_script_manager_null_safety-c0411b.o\n  \"ScriptManager::reloadScript(std::__1::basic_string<char, std::__1::char_traits<char>, std::__1::allocator<char>> const&)\", referenced from:\n      testScriptReloading() in test_script_manager_null_safety-c0411b.o\n  \"ScriptManager::executeScript(std::__1::basic_string<char, std::__1::char_traits<char>, std::__1::allocator<char>> const&)\", referenced from:\n      testUninitializedScriptManager() in test_script_manager_null_safety-c0411b.o\n      testNormalOperation() in test_script_manager_null_safety-c0411b.o\n      testErrorHandling() in test_script_manager_null_safety-c0411b.o\n      testScriptReloading() in test_script_manager_null_safety-c0411b.o\n  \"ScriptManager::executeString(std::__1::basic_string<char, std::__1::char_traits<char>, std::__1::allocator<char>> const&)\", referenced from:\n      testUninitializedScriptManager() in test_script_manager_null_safety-c0411b.o\n      testNormalOperation() in test_script_manager_null_safety-c0411b.o\n      testNormalOperation() in test_script_manager_null_safety-c0411b.o\n      testErrorHandling() in test_script_manager_null_safety-c0411b.o\n      testMultipleInitialization() in test_script_manager_null_safety-c0411b.o\n      testShutdownAndReinit() in test_script_manager_null_safety-c0411b.o\n      testShutdownAndReinit() in test_script_manager_null_safety-c0411b.o\n      testShutdownAndReinit() in test_script_manager_null_safety-c0411b.o\n      ...\n  \"ScriptManager::shutdown()\", referenced from:\n      testShutdownAndReinit() in test_script_manager_null_safety-c0411b.o\n  \"ScriptManager::~ScriptManager()\", referenced from:\n      testUninitializedScriptManager() in test_script_manager_null_safety-c0411b.o\n      testUninitializedScriptManager() in test_script_manager_null_safety-c0411b.o\n      testNormalOperation() in test_script_manager_null_safety-c0411b.o\n      testNormalOperation() in test_script_manager_null_safety-c0411b.o\n      testErrorHandling() in test_script_manager_null_safety-c0411b.o\n      testErrorHandling() in test_script_manager_null_safety-c0411b.o\n      testMultipleInitialization() in test_script_manager_null_safety-c0411b.o\n      testMultipleInitialization() in test_script_manager_null_safety-c0411b.o\n      ...\n  \"ScriptManager::isScriptLoaded(std::__1::basic_string<char, std::__1::char_traits<char>, std::__1::allocator<char>> const&) const\", referenced from:\n      testScriptReloading() in test_script_manager_null_safety-c0411b.o\nld: symbol(s) not found for architecture arm64\nclang++: error: linker command failed with exit code 1 (use -v to see invocation)\n"
    }
  ],
  "failed_tests": [
    {
      "test_name": "test_resource_manager_simple",
      "status": "COMPILATION_FAILED",
      "error": "Undefined symbols for architecture arm64:\n  \"ResourceManager::getTexture(std::__1::basic_string<char, std::__1::char_traits<char>, std::__1::allocator<char>> const&)\", referenced from:\n      _main in test_resource_manager_simple-7efd9a.o\n      _main in test_resource_manager_simple-7efd9a.o\n      _main in test_resource_manager_simple-7efd9a.o\n  \"ResourceManager::loadTexture(std::__1::basic_string<char, std::__1::char_traits<char>, std::__1::allocator<char>> const&, std::__1::basic_string<char, std::__1::char_traits<char>, std::__1::allocator<char>> const&)\", referenced from:\n      _main in test_resource_manager_simple-7efd9a.o\n  \"ResourceManager::ResourceManager()\", referenced from:\n      _main in test_resource_manager_simple-7efd9a.o\n  \"ResourceManager::~ResourceManager()\", referenced from:\n      _main in test_resource_manager_simple-7efd9a.o\n      _main in test_resource_manager_simple-7efd9a.o\nld: symbol(s) not found for architecture arm64\nclang++: error: linker command failed with exit code 1 (use -v to see invocation)\n"
    },
    {
      "test_name": "test_config_depth",
      "status": "COMPILATION_FAILED",
      "error": "Undefined symbols for architecture arm64:\n  \"Config::isValidConfigKey(std::__1::basic_string<char, std::__1::char_traits<char>, std::__1::allocator<char>> const&)\", referenced from:\n      KeyValidationWorks() in test_config_depth-f68155.o\n      KeyValidationWorks() in test_config_depth-f68155.o\n      KeyValidationWorks() in test_config_depth-f68155.o\n      KeyValidationWorks() in test_config_depth-f68155.o\n      KeyValidationWorks() in test_config_depth-f68155.o\n      KeyValidationWorks() in test_config_depth-f68155.o\n      KeyValidationWorks() in test_config_depth-f68155.o\n      KeyValidationWorks() in test_config_depth-f68155.o\n      KeyValidationWorks() in test_config_depth-f68155.o\n      KeyValidationWorks() in test_config_depth-f68155.o\n      ...\n  \"Config::get(std::__1::basic_string<char, std::__1::char_traits<char>, std::__1::allocator<char>> const&, nlohmann::json_abi_v3_11_3::basic_json<std::__1::map, std::__1::vector, std::__1::basic_string<char, std::__1::char_traits<char>, std::__1::allocator<char>>, bool, long long, unsigned long long, double, std::__1::allocator, nlohmann::json_abi_v3_11_3::adl_serializer, std::__1::vector<unsigned char, std::__1::allocator<unsigned char>>, void> const&)\", referenced from:\n      CircularReferenceProtection() in test_config_depth-f68155.o\n      PathCreationRespectsDepth() in test_config_depth-f68155.o\n  \"Config::set(std::__1::basic_string<char, std::__1::char_traits<char>, std::__1::allocator<char>> const&, nlohmann::json_abi_v3_11_3::basic_json<std::__1::map, std::__1::vector, std::__1::basic_string<char, std::__1::char_traits<char>, std::__1::allocator<char>>, bool, long long, unsigned long long, double, std::__1::allocator, nlohmann::json_abi_v3_11_3::adl_serializer, std::__1::vector<unsigned char, std::__1::allocator<unsigned char>>, void> const&)\", referenced from:\n      NormalDepthAllowed() in test_config_depth-f68155.o\n      ExcessiveDepthRejected() in test_config_depth-f68155.o\n      BoundaryConditions() in test_config_depth-f68155.o\n      BoundaryConditions() in test_config_depth-f68155.o\n      BoundaryConditions() in test_config_depth-f68155.o\n      BoundaryConditions() in test_config_depth-f68155.o\n      TypesAtDepth() in test_config_depth-f68155.o\n      TypesAtDepth() in test_config_depth-f68155.o\n      TypesAtDepth() in test_config_depth-f68155.o\n      TypesAtDepth() in test_config_depth-f68155.o\n      ...\n  \"Config::load(std::__1::basic_string<char, std::__1::char_traits<char>, std::__1::allocator<char>> const&)\", referenced from:\n      initTestConfig() in test_config_depth-f68155.o\n  \"Config::getInt(std::__1::basic_string<char, std::__1::char_traits<char>, std::__1::allocator<char>> const&, int)\", referenced from:\n      TypesAtDepth() in test_config_depth-f68155.o\n      TypesAtDepth() in test_config_depth-f68155.o\n  \"Config::getBool(std::__1::basic_string<char, std::__1::char_traits<char>, std::__1::allocator<char>> const&, bool)\", referenced from:\n      TypesAtDepth() in test_config_depth-f68155.o\n  \"Config::getFloat(std::__1::basic_string<char, std::__1::char_traits<char>, std::__1::allocator<char>> const&, float)\", referenced from:\n      TypesAtDepth() in test_config_depth-f68155.o\n  \"Config::getString(std::__1::basic_string<char, std::__1::char_traits<char>, std::__1::allocator<char>> const&, std::__1::basic_string<char, std::__1::char_traits<char>, std::__1::allocator<char>> const&)\", referenced from:\n      NormalDepthAllowed() in test_config_depth-f68155.o\n      NormalDepthAllowed() in test_config_depth-f68155.o\n      ExcessiveDepthRejected() in test_config_depth-f68155.o\n      BoundaryConditions() in test_config_depth-f68155.o\n      BoundaryConditions() in test_config_depth-f68155.o\n      BoundaryConditions() in test_config_depth-f68155.o\n      BoundaryConditions() in test_config_depth-f68155.o\n      ...\nld: symbol(s) not found for architecture arm64\nclang++: error: linker command failed with exit code 1 (use -v to see invocation)\n"
    },
    {
      "test_name": "test_script_manager_null_safety",
      "status": "COMPILATION_FAILED",
      "error": "Undefined symbols for architecture arm64:\n  \"ScriptManager::initialize()\", referenced from:\n      testNormalOperation() in test_script_manager_null_safety-c0411b.o\n      testErrorHandling() in test_script_manager_null_safety-c0411b.o\n      testMultipleInitialization() in test_script_manager_null_safety-c0411b.o\n      testMultipleInitialization() in test_script_manager_null_safety-c0411b.o\n      testShutdownAndReinit() in test_script_manager_null_safety-c0411b.o\n      testShutdownAndReinit() in test_script_manager_null_safety-c0411b.o\n      testScriptReloading() in test_script_manager_null_safety-c0411b.o\n      ...\n  \"ScriptManager::callFunction(std::__1::basic_string<char, std::__1::char_traits<char>, std::__1::allocator<char>> const&, int, int)\", referenced from:\n      testUninitializedScriptManager() in test_script_manager_null_safety-c0411b.o\n      testNormalOperation() in test_script_manager_null_safety-c0411b.o\n      testErrorHandling() in test_script_manager_null_safety-c0411b.o\n  \"ScriptManager::reloadScript(std::__1::basic_string<char, std::__1::char_traits<char>, std::__1::allocator<char>> const&)\", referenced from:\n      testScriptReloading() in test_script_manager_null_safety-c0411b.o\n  \"ScriptManager::executeScript(std::__1::basic_string<char, std::__1::char_traits<char>, std::__1::allocator<char>> const&)\", referenced from:\n      testUninitializedScriptManager() in test_script_manager_null_safety-c0411b.o\n      testNormalOperation() in test_script_manager_null_safety-c0411b.o\n      testErrorHandling() in test_script_manager_null_safety-c0411b.o\n      testScriptReloading() in test_script_manager_null_safety-c0411b.o\n  \"ScriptManager::executeString(std::__1::basic_string<char, std::__1::char_traits<char>, std::__1::allocator<char>> const&)\", referenced from:\n      testUninitializedScriptManager() in test_script_manager_null_safety-c0411b.o\n      testNormalOperation() in test_script_manager_null_safety-c0411b.o\n      testNormalOperation() in test_script_manager_null_safety-c0411b.o\n      testErrorHandling() in test_script_manager_null_safety-c0411b.o\n      testMultipleInitialization() in test_script_manager_null_safety-c0411b.o\n      testShutdownAndReinit() in test_script_manager_null_safety-c0411b.o\n      testShutdownAndReinit() in test_script_manager_null_safety-c0411b.o\n      testShutdownAndReinit() in test_script_manager_null_safety-c0411b.o\n      ...\n  \"ScriptManager::shutdown()\", referenced from:\n      testShutdownAndReinit() in test_script_manager_null_safety-c0411b.o\n  \"ScriptManager::~ScriptManager()\", referenced from:\n      testUninitializedScriptManager() in test_script_manager_null_safety-c0411b.o\n      testUninitializedScriptManager() in test_script_manager_null_safety-c0411b.o\n      testNormalOperation() in test_script_manager_null_safety-c0411b.o\n      testNormalOperation() in test_script_manager_null_safety-c0411b.o\n      testErrorHandling() in test_script_manager_null_safety-c0411b.o\n      testErrorHandling() in test_script_manager_null_safety-c0411b.o\n      testMultipleInitialization() in test_script_manager_null_safety-c0411b.o\n      testMultipleInitialization() in test_script_manager_null_safety-c0411b.o\n      ...\n  \"ScriptManager::isScriptLoaded(std::__1::basic_string<char, std::__1::char_traits<char>, std::__1::allocator<char>> const&) const\", referenced from:\n      testScriptReloading() in test_script_manager_null_safety-c0411b.o\nld: symbol(s) not found for architecture arm64\nclang++: error: linker command failed with exit code 1 (use -v to see invocation)\n"
    }
  ]
}
